  precompile.cpp
  2DEffect.cpp
  2DUI.cpp
  2DUI_edit.cpp
  action.cpp
  block.cpp
  blockmanager.cpp
  BowmanArrow.cpp
  debris.cpp
  enemyBowman.cpp
  enemyTutorial.cpp
  camera.cpp
  CubeBlock.cpp
  CubeColl.cpp
  CubeDamage.cpp
  CubeEffect.cpp
  CubeSpin.cpp
  debugproc.cpp
  Edit.cpp
  effect.cpp
  enemy.cpp
  コンパイル中...
  enemyAshigaru.cpp
  fade.cpp
  game.cpp
  GamePause.cpp
  inputManager.cpp
  logo.cpp
  MoveHelpUI.cpp
  objectAnim2d.cpp
  ParameterUI.cpp
  Player2D.cpp
  screenCover2D.cpp
  scrollOpen.cpp
  MiniMapCamera.cpp
  input.cpp
  light.cpp
  log.cpp
  main.cpp
  manager.cpp
  MapModel.cpp
  model.cpp
  コンパイル中...
  modelEffect.cpp
  motion.cpp
  cursorUI.cpp
  number.cpp
  numberBillboard.cpp
  numberFall.cpp
  object.cpp
  object2D.cpp
  object3D.cpp
  objectBillboard.cpp
  objectX.cpp
  objectXtex.cpp
  objGauge2D.cpp
  objmeshCube.cpp
  objmeshCylinder.cpp
  objmeshDome.cpp
  objmeshField.cpp
  objmeshRing.cpp
  objmeshWall.cpp
  particle.cpp
  コンパイル中...
  Pause.cpp
  player.cpp
  LevelModelEffect.cpp
  ranking.cpp
  renderer.cpp
  result.cpp
  SampleLevelModel.cpp
  SampleObj2D.cpp
  SampleObj3D.cpp
  SampleObjBillboard.cpp
  SampleObjX.cpp
  score.cpp
  shrinkingBillboard.cpp
  skinmesh.cpp
  slowManager.cpp
  smoke_screen.cpp
  sound.cpp
  texture.cpp
  time.cpp
  title.cpp
  コンパイル中...
  tutorial.cpp
  useful.cpp
  Xmodel.cpp
  2DEffect.obj : MSIL .netmodule または /GL を伴ってコンパイルされたモジュールが見つかりました。/LTCG を使用して再開始してください。リンカーのパフォーマンスを向上させるためには、コマンドラインに /LTCG を追加してください。
LINK : warning LNK4075: /INCREMENTAL は /LTCG の指定によって無視されます。
  コード生成しています。
  コード生成が終了しました。
  Team.vcxproj -> C:\Users\student\Desktop\HGS_2024_\HGSAutumn\Project_HGS\Debug\Team.exe
